{
  "stats": {
    "suites": 1,
    "tests": 9,
    "passes": 8,
    "pending": 2,
    "failures": -1,
    "start": "2023-06-28T08:33:06.691Z",
    "end": "2023-06-28T08:36:38.840Z",
    "duration": 212149,
    "testsRegistered": 10,
    "passPercent": 100,
    "pendingPercent": 20,
    "other": 1,
    "hasOther": true,
    "skipped": 0,
    "hasSkipped": false
  },
  "results": [
    {
      "uuid": "c7526c35-e115-4973-ae73-33584f0ee959",
      "title": "",
      "fullFile": "cypress\\e2e\\testTrello.cy.js",
      "file": "cypress\\e2e\\testTrello.cy.js",
      "beforeHooks": [],
      "afterHooks": [],
      "tests": [],
      "suites": [
        {
          "uuid": "df6780e3-a663-416c-8861-f2cc676941c6",
          "title": "Test Cartes",
          "fullFile": "",
          "file": "",
          "beforeHooks": [],
          "afterHooks": [],
          "tests": [
            {
              "title": "Créer Tableau",
              "fullTitle": "Test Cartes Créer Tableau",
              "timedOut": null,
              "duration": 45263,
              "state": "passed",
              "speed": "slow",
              "pass": true,
              "fail": false,
              "pending": false,
              "context": null,
              "code": "//Connexion\ncy.login();\n//intercepte pour vérifier création de tableau\ncy.intercept('POST', 'https://api-gateway.trello.com/gateway/api/gasv3/api/v1/batch').as('createTable');\n//Clicker sur boutton créer \ncy.get('[data-testid=\"header-create-menu-button\"]').click();\n//Clicker sur créer  un tableau\ncy.get('[data-testid=\"header-create-board-button\"] > .kgXqyT2weJmrQm').click();\n//Saisir le nom tableau\ncy.get('[data-testid=\"create-board-title-input\"]').type(data.tableName);\n//Clicker sur créer\ncy.get('[data-testid=\"create-board-submit-button\"]').click();\n//Vérifier la création de tableau\ncy.wait('@createTable').then(interception => {\n  // Vérifier le statut de la requête\n  expect(interception.response.statusCode).to.equal(200);\n});\n//Vérifier le nom de la  table créer\ncy.get('[data-testid=\"board-name-display\"]').should('contain.text', \"Projet Java\");",
              "err": {},
              "uuid": "802833e1-b63e-4ae4-a709-959eed83662d",
              "parentUUID": "df6780e3-a663-416c-8861-f2cc676941c6",
              "isHook": false,
              "skipped": false
            },
            {
              "title": "Fermer un Tableau",
              "fullTitle": "Test Cartes Fermer un Tableau",
              "timedOut": null,
              "duration": 29164,
              "state": "passed",
              "speed": "slow",
              "pass": true,
              "fail": false,
              "pending": false,
              "context": null,
              "code": "//Connexion\ncy.login();\ncy.get(':nth-child(1) > .board-tile > .board-tile-details').click();\ncy.get(':nth-child(1) > .board-tile > .board-tile-fade').click({\n  force: true\n});\ncy.get(':nth-child(1) > .yhkRJjjbRlcC1Q > .RNC8UUAwghG9uA > .frrHNIWnTojsww').click({\n  force: true\n});\n//Click pour fermer tableau\ncy.get('.aIwo0vvYqaDzfq > .frrHNIWnTojsww').click();\n//Click pour confirmer la fermeture\ncy.get('.q2PzD_Dkq1FVX3 > .bxgKMAm3lq5BpA').click();",
              "err": {},
              "uuid": "d3cd94af-2c3f-4091-9bfd-f617cb0ed587",
              "parentUUID": "df6780e3-a663-416c-8861-f2cc676941c6",
              "isHook": false,
              "skipped": false
            },
            {
              "title": "Suppression un tableau",
              "fullTitle": "Test Cartes Suppression un tableau",
              "timedOut": null,
              "duration": 0,
              "state": "pending",
              "speed": null,
              "pass": false,
              "fail": false,
              "pending": true,
              "context": null,
              "code": "//Connexion\ncy.login();\ncy.get('.js-react-root > .bxgKMAm3lq5BpA').click();\n//Click pour supprimer tableau\ncy.get(':nth-child(1) > .lMnv4oqGwScA_k > [data-testid=\"close-board-delete-board-button\"]').click();\n//Click pour confirmer suppression tableau\ncy.get('[data-testid=\"close-board-delete-board-confirm-button\"]').click();\n//Assertion qui vérifie que le tableau a été supprimé\ncy.get('body').should('contain', 'Tableau supprimé');\n//Fermer\ncy.get('.iQIJMv98X1MtTG > .nch-icon > [data-testid=\"CloseIcon\"]');",
              "err": {},
              "uuid": "398c238d-1292-40e8-9eaf-5dc18fa10428",
              "parentUUID": "df6780e3-a663-416c-8861-f2cc676941c6",
              "isHook": false,
              "skipped": false
            },
            {
              "title": "Ajouter une carte",
              "fullTitle": "Test Cartes Ajouter une carte",
              "timedOut": null,
              "duration": 23522,
              "state": "passed",
              "speed": "slow",
              "pass": true,
              "fail": false,
              "pending": false,
              "context": null,
              "code": "//Intercept pour vérifier la création de la carte \ncy.intercept('POST', 'https://trello.com/1/cards').as('createCard');\n//Connexion\ncy.login();\n//Se rendre sur le tableau\ncy.get('.board-tile-details').click();\ncy.get('[href=\"/b/OMe1Kd00/test-tableau\"]').click();\n//Ajouter une carte à la première liste\n//Click sur Ajouter dans la première liste\ncy.get(':nth-child(1) > .list > .card-composer-container > .open-card-composer > .js-add-a-card').click();\n//Saisir le nom de la carte\ncy.get('[placeholder=\"Saisissez un titre pour cette carte…\"]').type(data.nameCard1);\n//Click sur Ajouter\ncy.get('.cc-controls-section > .nch-button').click();\n//Fermer l'ajout\ncy.get('.cc-controls-section > .icon-lg').click();\n//Vérification de la création de la carte\ncy.wait('@createCard').then(interception => {\n  // Vérifier le statut de la requête\n  expect(interception.response.statusCode).to.equal(200);\n  // Vérifier le corps de la réponse\n  const responseBody = interception.response.body;\n  expect(responseBody.name).to.equal(data.nameCard1);\n  //Récuperer id de la carte\n  data.idCard1 = responseBody.idShort;\n  //Ajouter id au fichier data\n  cy.updateDataJson(data);\n});",
              "err": {},
              "uuid": "600439f0-2257-4d38-a0e6-ab2ae90ea011",
              "parentUUID": "df6780e3-a663-416c-8861-f2cc676941c6",
              "isHook": false,
              "skipped": false
            },
            {
              "title": "Ajouter un membre à la carte",
              "fullTitle": "Test Cartes Ajouter un membre à la carte",
              "timedOut": null,
              "duration": 23395,
              "state": "passed",
              "speed": "slow",
              "pass": true,
              "fail": false,
              "pending": false,
              "context": null,
              "code": "//Intercept pour vérifier l'ajout du memebre à la carte\ncy.intercept('POST', `https://trello.com/1/cards/*/idMembers`).as('addMember');\n//Connexion\ncy.login();\n//Se rendre sur le tableau\ncy.get('.board-tile-details').click();\ncy.get('[href=\"/b/OMe1Kd00/test-tableau\"]').click();\n//Choisir la carte crée par id \ncy.contains(`span.card-short-id.hide`, `#${data.idCard1}`).click({\n  force: true\n});\n//Attribuer un membre\ncy.get('.js-change-card-members').click();\ncy.get('.name').click();\ncy.get('.pop-over-header-close-btn').click();\ncy.get('.icon-md').click();\n//Vérification de la création de la carte\ncy.wait('@addMember').then(interception => {\n  // Vérifier le statut de la requête\n  expect(interception.response.statusCode).to.equal(200);\n  // Vérifier le corps de la réponse\n  const responseBody = interception.response.body[0].nonPublic;\n  cy.log(responseBody.fullName);\n  expect(responseBody.fullName).to.equal(data.fullName);\n});",
              "err": {},
              "uuid": "010003d3-e983-4830-8d5f-6884f59a22e8",
              "parentUUID": "df6780e3-a663-416c-8861-f2cc676941c6",
              "isHook": false,
              "skipped": false
            },
            {
              "title": "Ajouter une date début et une date de fin à la carte",
              "fullTitle": "Test Cartes Ajouter une date début et une date de fin à la carte",
              "timedOut": null,
              "duration": 27367,
              "state": "passed",
              "speed": "slow",
              "pass": true,
              "fail": false,
              "pending": false,
              "context": null,
              "code": "cy.intercept('PUT', `https://trello.com/1/cards/*`).as('addDate');\n//Connexion\ncy.login();\n//Se rendre sur le tableau\ncy.get('.board-tile-details').click();\ncy.get('[href=\"/b/OMe1Kd00/test-tableau\"]').click();\n//Choisir la carte crée par id \ncy.contains(`span.card-short-id.hide`, `#${data.idCard1}`).click({\n  force: true\n});\n//Sélectionner date\ncy.get('[data-testid=\"card-back-due-date-button\"]').click();\n//Choisir 27 comme date du fin\ncy.get('.css-1o0bik5').contains('27').click();\n//Sélectionner date debut\n//cy.contains('div.qiRZsRWzF1UVUP').click();\ncy.get(':nth-child(1) > .qiRZsRWzF1UVUP > .x__X83c1QM1uFb').click();\n//Choisir 22 comme date du début\ncy.get('.css-1o0bik5').contains('22').click();\ncy.get('[data-testid=\"save-date-button\"]').click();\n//Vérification de lajout de la date\ncy.wait('@addDate').then(interception => {\n  // Vérifier le statut de la requête\n  expect(interception.response.statusCode).to.equal(200);\n  // Vérifier la date\n  const responseBody = interception.response.body.badges;\n  expect(responseBody.due).contains(\"2023-06-27\");\n});",
              "err": {},
              "uuid": "adf855f7-be7a-435d-b7ef-9f55d1f79bfc",
              "parentUUID": "df6780e3-a663-416c-8861-f2cc676941c6",
              "isHook": false,
              "skipped": false
            },
            {
              "title": "Ajouter un fichier à la carte",
              "fullTitle": "Test Cartes Ajouter un fichier à la carte",
              "timedOut": null,
              "duration": 20213,
              "state": "passed",
              "speed": "slow",
              "pass": true,
              "fail": false,
              "pending": false,
              "context": null,
              "code": "//Connexion\ncy.login();\ncy.intercept('POST', `https://trello.com/1/cards/*/attachments`).as('attachement');\n//Se rendre sur le tableau\ncy.get('.board-tile-details').click();\ncy.get('[href=\"/b/OMe1Kd00/test-tableau\"]').click();\n//Choisir la carte crée par id \ncy.contains(`span.card-short-id.hide`, `#${data.idCard1}`).click({\n  force: true\n});\ncy.get(\".u-clearfix > .js-attach\").click();\ncy.get(\".js-attach-file\").attachFile(data.fileName);\ncy.get(\".js-add-attachment-url\").click();\ncy.get(\".attachment-thumbnail-name\").contains(data.fileName);\n//Intercepte pour vérifierl'ajout d'attachement\ncy.wait('@attachement').then(interception => {\n  // Vérifier le statut de la requête\n  expect(interception.response.statusCode).to.equal(200);\n  // Vérifier le nom de fichier\n  const responseBody = interception.response.body;\n  //Vérifier le nom de fichier\n  expect(responseBody.name).contains(data.fileName);\n});",
              "err": {},
              "uuid": "f893c064-da3b-4fa0-ac7f-bb4bf522087e",
              "parentUUID": "df6780e3-a663-416c-8861-f2cc676941c6",
              "isHook": false,
              "skipped": false
            },
            {
              "title": "Déplacer une carte",
              "fullTitle": "Test Cartes Déplacer une carte",
              "timedOut": null,
              "duration": 14741,
              "state": "passed",
              "speed": "slow",
              "pass": true,
              "fail": false,
              "pending": false,
              "context": null,
              "code": "//Connexion\ncy.login();\n//Se rendre sur le tableau\ncy.get('.board-tile-details').click();\ncy.get('[href=\"/b/OMe1Kd00/test-tableau\"]').click();\ncy.viewport(1000, 600);\n//L'element draggable .drag la source\ncy.get('a.list-card.js-member-droppable.ui-droppable[data-testid=\"trello-card\"][href*=\"learn-python\"]').drag(':nth-child(2) > .list > [data-testid=\"list-header\"] > .list-header-target', {\n  force: true\n});",
              "err": {},
              "uuid": "be1f0212-4f81-4369-ac93-07354d3b4f60",
              "parentUUID": "df6780e3-a663-416c-8861-f2cc676941c6",
              "isHook": false,
              "skipped": false
            },
            {
              "title": "Supprimer une carte",
              "fullTitle": "Test Cartes Supprimer une carte",
              "timedOut": null,
              "duration": 24685,
              "state": "passed",
              "speed": "slow",
              "pass": true,
              "fail": false,
              "pending": false,
              "context": null,
              "code": "//Connexion\ncy.login();\n//Se rendre sur le tableau\ncy.get('.board-tile-details').click();\ncy.get('[href=\"/b/OMe1Kd00/test-tableau\"]').click();\n//Choisir la carte crée par id \ncy.contains(`span.card-short-id.hide`, `#${data.idCard1}`).click({\n  force: true\n});\n//Click Archiver\ncy.get('.js-archive-card').click();\n//Click Supprimer\ncy.get('.js-delete-card').click();\n//Confirmer la suppression\ncy.get('.pop-over-content > :nth-child(1) > div > [data-testid]').click();\n//cy.get('.board-menu-header-close-button').click();",
              "err": {},
              "uuid": "6d6f794f-3e04-407b-9413-882042597f70",
              "parentUUID": "df6780e3-a663-416c-8861-f2cc676941c6",
              "isHook": false,
              "skipped": false
            },
            {
              "title": "API creat a card request",
              "fullTitle": "Test Cartes API creat a card request",
              "timedOut": null,
              "duration": 0,
              "state": "pending",
              "speed": null,
              "pass": false,
              "fail": false,
              "pending": true,
              "context": null,
              "code": "cy.request({\n  method: \"POST\",\n  url: `https://api.trello.com/1/cards?idList=${data.idList}&key=${data.APIKey}&token=${data.token}`,\n  failOnStatusCode: false,\n  headers: {\n    Accept: \"application/json\"\n  },\n  body: {\n    name: \"Im the bosse\",\n    desc: \"No we are the bosses\"\n  }\n}).then(interception => {\n  //Vérifier la reponse de la requête\n  expect(interception.status).to.eq(200);\n  const responseBody = interception.body;\n  //Récuperer id de la carte\n  data.idCard2 = responseBody.id;\n  //Ajouter id au fichier data\n  cy.updateDataJson(data);\n});",
              "err": {},
              "uuid": "94efa0fd-7ecd-4277-a18b-88ea3410ce62",
              "parentUUID": "df6780e3-a663-416c-8861-f2cc676941c6",
              "isHook": false,
              "skipped": false
            }
          ],
          "suites": [],
          "passes": [
            "802833e1-b63e-4ae4-a709-959eed83662d",
            "d3cd94af-2c3f-4091-9bfd-f617cb0ed587",
            "600439f0-2257-4d38-a0e6-ab2ae90ea011",
            "010003d3-e983-4830-8d5f-6884f59a22e8",
            "adf855f7-be7a-435d-b7ef-9f55d1f79bfc",
            "f893c064-da3b-4fa0-ac7f-bb4bf522087e",
            "be1f0212-4f81-4369-ac93-07354d3b4f60",
            "6d6f794f-3e04-407b-9413-882042597f70"
          ],
          "failures": [],
          "pending": [
            "398c238d-1292-40e8-9eaf-5dc18fa10428",
            "94efa0fd-7ecd-4277-a18b-88ea3410ce62"
          ],
          "skipped": [],
          "duration": 208350,
          "root": false,
          "rootEmpty": false,
          "_timeout": 2000
        }
      ],
      "passes": [],
      "failures": [],
      "pending": [],
      "skipped": [],
      "duration": 0,
      "root": true,
      "rootEmpty": true,
      "_timeout": 2000
    }
  ],
  "meta": {
    "mocha": {
      "version": "7.0.1"
    },
    "mochawesome": {
      "options": {
        "quiet": false,
        "reportFilename": "mochawesome",
        "saveHtml": false,
        "saveJson": true,
        "consoleReporter": "spec",
        "useInlineDiffs": false,
        "code": true
      },
      "version": "7.1.3"
    },
    "marge": {
      "options": {
        "overwrite": false,
        "html": false,
        "json": true,
        "reportDir": "cypress\\reports\\html\\.jsons"
      },
      "version": "6.2.0"
    }
  }
}